20230829 21:54:59|: WARN:CfgMgr: Could not locate 'ahk.cfg' to load config data
20230829 21:54:59|: ALERT:SUSPENDING SCRIPT
20230829 21:55:01|: ALERT:RESUMING SCRIPT
20230913 08:31:13|: WARN:CfgMgr: Could not locate 'ahk.cfg' to load config data
20230913 08:31:13|: ALERT:SUSPENDING SCRIPT
20230913 08:31:16|: ALERT:RESUMING SCRIPT
20230913 08:36:42|: WARN:CfgMgr: Could not locate 'test_config_tool.cfg' to load config data
20230913 08:36:42|: ALERT:SUSPENDING SCRIPT
20230913 08:36:58|: ALERT:RESUMING SCRIPT and saving variables
20230913 08:39:04|: WARN:CfgMgr: Could not locate 'test_config_tool.cfg' to load config data
20230913 08:39:04|: ALERT:SUSPENDING SCRIPT
20230913 08:39:12|: ALERT:RESUMING SCRIPT and saving variables
20230913 08:49:14|: WARN:CfgMgr: Could not locate 'test_config_tool.cfg' to load config data
20230913 08:49:14|: ALERT:SUSPENDING SCRIPT
20230913 08:49:14|: INFO:gui_open	||key: demo_hotkey	||obj: ConfigEntry(k:demo_hotkey)(v:F2)
20230913 08:49:14|: INFO:gui_open	||key: demo_string	||obj: ConfigEntry(k:demo_string)(v:anything)
20230913 08:49:14|: INFO:demo_string	||anything	||edit
20230913 08:49:21|: ALERT:RESUMING SCRIPT and saving variables
20230913 08:49:21|: INFO:Updating hotkey for 'demo_hotkey' to 'F2'
20230913 08:52:55|: WARN:CfgMgr: Could not locate 'test_config_tool.cfg' to load config data
20230913 08:52:55|: ALERT:SUSPENDING SCRIPT
20230913 08:52:55|: INFO:gui_open	||key: demo_hotkey	||obj: ConfigEntry(k:demo_hotkey)(v:F2)
20230913 08:52:55|: INFO:gui_open	||key: demo_string	||obj: ConfigEntry(k:demo_string)(v:anything)
20230913 08:52:55|: INFO:demo_string	||anything	||edit
20230913 08:53:00|: ALERT:RESUMING SCRIPT
20230913 08:53:13|: WARN:CfgMgr: Could not locate 'test_config_tool.cfg' to load config data
20230913 08:53:13|: ALERT:SUSPENDING SCRIPT
20230913 08:53:13|: INFO:gui_open	||key: demo_hotkey	||obj: ConfigEntry(k:demo_hotkey)(v:F2)
20230913 08:53:13|: INFO:gui_open	||key: demo_string	||obj: ConfigEntry(k:demo_string)(v:anything)
20230913 08:53:13|: INFO:demo_string	||anything	||edit
20230913 08:53:16|: ALERT:RESUMING SCRIPT
20230913 08:56:09|: WARN:CfgMgr: Could not locate 'test_config_tool.cfg' to load config data
20230913 08:56:09|: ALERT:SUSPENDING SCRIPT
20230913 08:56:09|: INFO:gui_open	||key: demo_hotkey	||obj: ConfigEntry(k:demo_hotkey)(v:F2)
20230913 08:56:09|: INFO:gui_open	||key: demo_string	||obj: ConfigEntry(k:demo_string)(v:anything)
20230913 08:56:09|: INFO:demo_string	||anything	||edit
20230913 08:56:22|: ALERT:RESUMING SCRIPT and saving variables
20230913 08:56:22|: INFO:Updating hotkey for 'demo_hotkey' to 'F2'
20230913 08:56:37|: WARN:CfgMgr: Could not locate 'test_config_tool.cfg' to load config data
20230913 08:56:37|: ALERT:SUSPENDING SCRIPT
20230913 08:56:37|: INFO:gui_open	||key: demo_hotkey	||obj: ConfigEntry(k:demo_hotkey)(v:F2)
20230913 08:56:37|: INFO:gui_open	||key: demo_string	||obj: ConfigEntry(k:demo_string)(v:anything)
20230913 08:56:37|: INFO:demo_string	||anything	||edit
20230913 08:56:40|: ALERT:RESUMING SCRIPT and saving variables
20230913 08:56:40|: INFO:Updating hotkey for 'demo_hotkey' to 'F2'
20230913 08:57:31|: DEBUG:Load_ALL(line:demo_string=anything		||demo_string +> anything
20230913 08:57:31|: ALERT:SUSPENDING SCRIPT
20230913 08:57:31|: INFO:gui_open	||key: demo_hotkey	||obj: ConfigEntry(k:demo_hotkey)(v:F2)
20230913 08:57:31|: INFO:gui_open	||key: demo_string	||obj: ConfigEntry(k:demo_string)(v:anything)
20230913 08:57:31|: INFO:demo_string	||anything	||edit
20230913 08:57:34|: ALERT:RESUMING SCRIPT and saving variables
20230913 08:57:34|: INFO:Updating hotkey for 'demo_hotkey' to 'F2'
